<?xml version="1.0" encoding="UTF-8"?>
<!-- Generated by org.testng.reporters.JUnitReportReporter -->
<testsuite hostname="sabbir-asus" failures="0" tests="2" name="testCasesPackage.T001_CreateNewAccount" time="23.160" errors="0" timestamp="2022-03-19T22:47:42 BDT" skipped="0">
  <testcase classname="testCasesPackage.T001_CreateNewAccount" name="registration" time="11.547"/>
  <system-out/>
  <testcase classname="testCasesPackage.T001_CreateNewAccount" name="registration" time="11.613"/>
  <system-out/>
</testsuite> <!-- testCasesPackage.T001_CreateNewAccount -->
