<?xml version="1.0" encoding="UTF-8"?>
<!-- Generated by org.testng.reporters.JUnitReportReporter -->
<testsuite hostname="sabbir-asus" failures="0" tests="2" name="testCasesPackage.T002_Login_And_Purchase" time="62.271" errors="0" timestamp="2022-03-19T22:54:00 BDT" skipped="0">
  <testcase classname="testCasesPackage.T002_Login_And_Purchase" name="loginAndPurchase" time="27.330"/>
  <system-out/>
  <testcase classname="testCasesPackage.T002_Login_And_Purchase" name="loginAndPurchase" time="34.941"/>
  <system-out/>
</testsuite> <!-- testCasesPackage.T002_Login_And_Purchase -->
